
> impact-portal@0.1.0 build
> next build

   Ôû▓ Next.js 15.1.7
   - Environments: .env.local

   Creating an optimized production build ...
 Ô£ô Compiled successfully
   Linting and checking validity of types ...

   We detected TypeScript in your project and reconfigured your tsconfig.json file for you.
   The following mandatory changes were made to your tsconfig.json:

   	- jsx was set to preserve (next.js implements its own optimized jsx transform)

   Collecting page data ...
   Generating static pages (0/5) ...
   Generating static pages (1/5) 
   Generating static pages (2/5) 
   Generating static pages (3/5) 
 Ô£ô Generating static pages (5/5)
   Finalizing page optimization ...
   Collecting build traces ...

Route (app)                              Size     First Load JS
Ôöî Ôùï /                                    5.57 kB         111 kB
Ôö£ Ôùï /_not-found                          979 B           106 kB
Ôöö ãÆ /[subdomain]                         40.2 kB         146 kB
+ First Load JS shared by all            105 kB
  Ôö£ chunks/4bd1b696-40f5dc3969996f75.js  52.9 kB
  Ôö£ chunks/517-349966e1e1406083.js       50.5 kB
  Ôöö other shared chunks (total)          1.95 kB


ãÆ Middleware                             32.1 kB

Ôùï  (Static)   prerendered as static content
ãÆ  (Dynamic)  server-rendered on demand

